<?xml version="1.0" encoding="UTF-8"?>
<testsuite xmlns:xsi="http://www.w3.org/2001/XMLSchema-instance" xsi:noNamespaceSchemaLocation="https://maven.apache.org/surefire/maven-surefire-plugin/xsd/surefire-test-report.xsd" version="3.0.2" name="service.CityServiceTest" time="11.208" tests="14" errors="0" skipped="0" failures="0">
  <properties>
[...]
</properties>
  <testcase name="testCreateParis" classname="service.CityServiceTest" time="1.403">
    <system-out><![CDATA[20:25:46.532 [main] INFO org.springframework.boot.devtools.restart.RestartApplicationListener -- Restart disabled due to context in which it is running

  .   ____          _            __ _ _
 /\\ / ___'_ __ _ _(_)_ __  __ _ \ \ \ \
( ( )\___ | '_ | '_| | '_ \/ _` | \ \ \ \
 \\/  ___)| |_)| | | | | || (_| |  ) ) ) )
  '  |____| .__|_| |_|_| |_\__, | / / / /
 =========|_|==============|___/=/_/_/_/

 :: Spring Boot ::                (v3.4.4)

2025-06-18T20:25:46.954+02:00  INFO 22196 --- [city-service] [           main] service.CityServiceTest                  : Starting CityServiceTest using Java 17.0.6 with PID 22196 (started by mumus in C:\Programmation\WS\MicroServices\MSA\city-service)
2025-06-18T20:25:46.955+02:00  INFO 22196 --- [city-service] [           main] service.CityServiceTest                  : No active profile set, falling back to 1 default profile: "default"
2025-06-18T20:25:47.821+02:00  INFO 22196 --- [city-service] [           main] .s.d.r.c.RepositoryConfigurationDelegate : Bootstrapping Spring Data JPA repositories in DEFAULT mode.
2025-06-18T20:25:47.873+02:00  INFO 22196 --- [city-service] [           main] .s.d.r.c.RepositoryConfigurationDelegate : Finished Spring Data repository scanning in 40 ms. Found 1 JPA repository interface.
2025-06-18T20:25:49.190+02:00  INFO 22196 --- [city-service] [           main] o.hibernate.jpa.internal.util.LogHelper  : HHH000204: Processing PersistenceUnitInfo [name: default]
2025-06-18T20:25:49.294+02:00  INFO 22196 --- [city-service] [           main] org.hibernate.Version                    : HHH000412: Hibernate ORM core version 6.6.11.Final
2025-06-18T20:25:49.362+02:00  INFO 22196 --- [city-service] [           main] o.h.c.internal.RegionFactoryInitiator    : HHH000026: Second-level cache disabled
2025-06-18T20:25:49.783+02:00  INFO 22196 --- [city-service] [           main] o.s.o.j.p.SpringPersistenceUnitInfo      : No LoadTimeWeaver setup: ignoring JPA class transformer
2025-06-18T20:25:49.829+02:00  INFO 22196 --- [city-service] [           main] com.zaxxer.hikari.HikariDataSource       : HikariPool-1 - Starting...
2025-06-18T20:25:50.442+02:00  INFO 22196 --- [city-service] [           main] com.zaxxer.hikari.pool.HikariPool        : HikariPool-1 - Added connection org.postgresql.jdbc.PgConnection@4e79c25
2025-06-18T20:25:50.444+02:00  INFO 22196 --- [city-service] [           main] com.zaxxer.hikari.HikariDataSource       : HikariPool-1 - Start completed.
2025-06-18T20:25:50.500+02:00  WARN 22196 --- [city-service] [           main] org.hibernate.orm.deprecation            : HHH90000025: PostgreSQLDialect does not need to be specified explicitly using 'hibernate.dialect' (remove the property setting and it will be selected by default)
2025-06-18T20:25:50.562+02:00  INFO 22196 --- [city-service] [           main] org.hibernate.orm.connections.pooling    : HHH10001005: Database info:
	Database JDBC URL [Connecting through datasource 'HikariDataSource (HikariPool-1)']
	Database driver: undefined/unknown
	Database version: 17.5
	Autocommit mode: undefined/unknown
	Isolation level: undefined/unknown
	Minimum pool size: undefined/unknown
	Maximum pool size: undefined/unknown
2025-06-18T20:25:51.512+02:00  INFO 22196 --- [city-service] [           main] o.h.e.t.j.p.i.JtaPlatformInitiator       : HHH000489: No JTA platform available (set 'hibernate.transaction.jta.platform' to enable JTA platform integration)
2025-06-18T20:25:51.660+02:00  INFO 22196 --- [city-service] [           main] j.LocalContainerEntityManagerFactoryBean : Initialized JPA EntityManagerFactory for persistence unit 'default'
2025-06-18T20:25:52.229+02:00  INFO 22196 --- [city-service] [           main] o.s.d.j.r.query.QueryEnhancerFactory     : Hibernate is in classpath; If applicable, HQL parser will be used.
2025-06-18T20:25:52.559+02:00  WARN 22196 --- [city-service] [           main] JpaBaseConfiguration$JpaWebConfiguration : spring.jpa.open-in-view is enabled by default. Therefore, database queries may be performed during view rendering. Explicitly configure spring.jpa.open-in-view to disable this warning
2025-06-18T20:25:53.582+02:00  INFO 22196 --- [city-service] [           main] o.s.b.t.m.w.SpringBootMockServletContext : Initializing Spring TestDispatcherServlet ''
2025-06-18T20:25:53.582+02:00  INFO 22196 --- [city-service] [           main] o.s.t.web.servlet.TestDispatcherServlet  : Initializing Servlet ''
2025-06-18T20:25:53.591+02:00  INFO 22196 --- [city-service] [           main] o.s.b.a.e.web.EndpointLinksResolver      : Exposing 2 endpoints beneath base path '/actuator'
2025-06-18T20:25:53.610+02:00  INFO 22196 --- [city-service] [           main] o.s.t.web.servlet.TestDispatcherServlet  : Completed initialization in 27 ms
2025-06-18T20:25:53.716+02:00  INFO 22196 --- [city-service] [           main] service.CityServiceTest                  : Started CityServiceTest in 7.195 seconds (process running for 8.308)
Hibernate: 
    select
        c1_0.id 
    from
        cities c1_0 
    where
        upper(c1_0.city_name)=upper(?) 
    fetch
        first ? rows only
Hibernate: 
    insert 
    into
        cities
        (city_name, geographic_info) 
    values
        (?, ?)
Hibernate: 
    update
        cities 
    set
        city_name=?,
        geographic_info=? 
    where
        id=?

MockHttpServletRequest:
      HTTP Method = POST
      Request URI = /api/cities
       Parameters = {}
          Headers = [Content-Type:"application/json;charset=UTF-8", Content-Length:"145"]
             Body = {
    "cityName": "Paris",
    "geographicInfo": {
        "latitude": 48.8566,
        "longitude": 2.3522,
        "country": "France"
    }
}

    Session Attrs = {}

Handler:
             Type = controller.CityController
           Method = controller.CityController#createCity(City)

Async:
    Async started = false
     Async result = null

Resolved Exception:
             Type = null

ModelAndView:
        View name = null
             View = null
            Model = null

FlashMap:
       Attributes = null

MockHttpServletResponse:
           Status = 201
    Error message = null
          Headers = [Content-Type:"application/json"]
     Content type = application/json
             Body = {"id":1,"cityName":"Paris","geographicInfo":{"latitude":48.8566,"longitude":2.3522,"country":"France"}}
    Forwarded URL = null
   Redirected URL = null
          Cookies = []
Paris créé avec ID: 1
]]></system-out>
  </testcase>
  <testcase name="testCreateOtherCities" classname="service.CityServiceTest" time="0.17">
    <system-out><![CDATA[Hibernate: 
    select
        c1_0.id 
    from
        cities c1_0 
    where
        upper(c1_0.city_name)=upper(?) 
    fetch
        first ? rows only
Hibernate: 
    insert 
    into
        cities
        (city_name, geographic_info) 
    values
        (?, ?)
Hibernate: 
    update
        cities 
    set
        city_name=?,
        geographic_info=? 
    where
        id=?
Hibernate: 
    select
        c1_0.id 
    from
        cities c1_0 
    where
        upper(c1_0.city_name)=upper(?) 
    fetch
        first ? rows only
Hibernate: 
    insert 
    into
        cities
        (city_name, geographic_info) 
    values
        (?, ?)
Hibernate: 
    update
        cities 
    set
        city_name=?,
        geographic_info=? 
    where
        id=?
Lyon créé avec ID: 2
Versailles créé avec ID: 3
]]></system-out>
  </testcase>
  <testcase name="testGetAllCities" classname="service.CityServiceTest" time="0.145">
    <system-out><![CDATA[Hibernate: 
    select
        c1_0.id,
        c1_0.city_name,
        c1_0.geographic_info 
    from
        cities c1_0

MockHttpServletRequest:
      HTTP Method = GET
      Request URI = /api/cities
       Parameters = {}
          Headers = []
             Body = null
    Session Attrs = {}

Handler:
             Type = controller.CityController
           Method = controller.CityController#getAllCities()

Async:
    Async started = false
     Async result = null

Resolved Exception:
             Type = null

ModelAndView:
        View name = null
             View = null
            Model = null

FlashMap:
       Attributes = null

MockHttpServletResponse:
           Status = 200
    Error message = null
          Headers = [Content-Type:"application/json"]
     Content type = application/json
             Body = [{"id":1,"cityName":"Paris","geographicInfo":{"latitude":48.8566,"longitude":2.3522,"country":"France"}},{"id":2,"cityName":"Lyon","geographicInfo":{"latitude":45.764,"longitude":4.8357,"country":"France"}},{"id":3,"cityName":"Versailles","geographicInfo":{"latitude":48.8014,"longitude":2.1301,"country":"France"}}]
    Forwarded URL = null
   Redirected URL = null
          Cookies = []
Récupération de toutes les villes réussie
]]></system-out>
  </testcase>
  <testcase name="testGetCityById" classname="service.CityServiceTest" time="0.077">
    <system-out><![CDATA[Hibernate: 
    select
        c1_0.id,
        c1_0.city_name,
        c1_0.geographic_info 
    from
        cities c1_0 
    where
        c1_0.id=?

MockHttpServletRequest:
      HTTP Method = GET
      Request URI = /api/cities/1
       Parameters = {}
          Headers = []
             Body = null
    Session Attrs = {}

Handler:
             Type = controller.CityController
           Method = controller.CityController#getCityById(Long)

Async:
    Async started = false
     Async result = null

Resolved Exception:
             Type = null

ModelAndView:
        View name = null
             View = null
            Model = null

FlashMap:
       Attributes = null

MockHttpServletResponse:
           Status = 200
    Error message = null
          Headers = [Content-Type:"application/json"]
     Content type = application/json
             Body = {"id":1,"cityName":"Paris","geographicInfo":{"latitude":48.8566,"longitude":2.3522,"country":"France"}}
    Forwarded URL = null
   Redirected URL = null
          Cookies = []
Récupération de Paris par ID réussie
]]></system-out>
  </testcase>
  <testcase name="testSearchCityByName" classname="service.CityServiceTest" time="0.042">
    <system-out><![CDATA[Hibernate: 
    select
        c1_0.id,
        c1_0.city_name,
        c1_0.geographic_info 
    from
        cities c1_0 
    where
        upper(c1_0.city_name)=upper(?)

MockHttpServletRequest:
      HTTP Method = GET
      Request URI = /api/cities/search
       Parameters = {name=[Lyon]}
          Headers = []
             Body = null
    Session Attrs = {}

Handler:
             Type = controller.CityController
           Method = controller.CityController#getCityByName(String)

Async:
    Async started = false
     Async result = null

Resolved Exception:
             Type = null

ModelAndView:
        View name = null
             View = null
            Model = null

FlashMap:
       Attributes = null

MockHttpServletResponse:
           Status = 200
    Error message = null
          Headers = [Content-Type:"application/json"]
     Content type = application/json
             Body = {"id":2,"cityName":"Lyon","geographicInfo":{"latitude":45.764,"longitude":4.8357,"country":"France"}}
    Forwarded URL = null
   Redirected URL = null
          Cookies = []
Recherche de Lyon par nom réussie
]]></system-out>
  </testcase>
  <testcase name="testNearbyCities" classname="service.CityServiceTest" time="0.108">
    <system-out><![CDATA[Hibernate: 
    select
        c1_0.id,
        c1_0.city_name,
        c1_0.geographic_info 
    from
        cities c1_0 
    where
        upper(c1_0.city_name)=upper(?)
Hibernate: 
    SELECT
        * 
    FROM
        cities c 
    WHERE
        (
            6371 * acos(     cos(radians(?)) *     cos(radians(CAST(c.geographic_info->>'latitude' AS DOUBLE PRECISION))) *     cos(radians(CAST(c.geographic_info->>'longitude' AS DOUBLE PRECISION)) - radians(?)) +     sin(radians(?)) *     sin(radians(CAST(c.geographic_info->>'latitude' AS DOUBLE PRECISION))) )
        ) <= ? 

MockHttpServletRequest:
      HTTP Method = GET
      Request URI = /api/cities/nearby
       Parameters = {city=[Paris], radius=[50]}
          Headers = []
             Body = null
    Session Attrs = {}

Handler:
             Type = controller.CityController
           Method = controller.CityController#getCitiesWithinRadius(String, Double)

Async:
    Async started = false
     Async result = null

Resolved Exception:
             Type = null

ModelAndView:
        View name = null
             View = null
            Model = null

FlashMap:
       Attributes = null

MockHttpServletResponse:
           Status = 200
    Error message = null
          Headers = [Content-Type:"application/json"]
     Content type = application/json
             Body = [{"id":1,"cityName":"Paris","geographicInfo":{"latitude":48.8566,"longitude":2.3522,"country":"France"}},{"id":3,"cityName":"Versailles","geographicInfo":{"latitude":48.8014,"longitude":2.1301,"country":"France"}}]
    Forwarded URL = null
   Redirected URL = null
          Cookies = []
REQUÊTE NOSQL 1: Villes proches de Paris trouvées
]]></system-out>
  </testcase>
  <testcase name="testDistanceBetweenCities" classname="service.CityServiceTest" time="0.067">
    <system-out><![CDATA[Hibernate: 
    select
        c1_0.id,
        c1_0.city_name,
        c1_0.geographic_info 
    from
        cities c1_0 
    where
        upper(c1_0.city_name)=upper(?)
Hibernate: 
    select
        c1_0.id,
        c1_0.city_name,
        c1_0.geographic_info 
    from
        cities c1_0 
    where
        upper(c1_0.city_name)=upper(?)

MockHttpServletRequest:
      HTTP Method = GET
      Request URI = /api/cities/distance
       Parameters = {city1=[Paris], city2=[Lyon]}
          Headers = []
             Body = null
    Session Attrs = {}

Handler:
             Type = controller.CityController
           Method = controller.CityController#calculateDistance(String, String)

Async:
    Async started = false
     Async result = null

Resolved Exception:
             Type = null

ModelAndView:
        View name = null
             View = null
            Model = null

FlashMap:
       Attributes = null

MockHttpServletResponse:
           Status = 200
    Error message = null
          Headers = [Content-Type:"application/json"]
     Content type = application/json
             Body = {"cityName1":"Paris","cityName2":"Lyon","distanceKm":391.9290827528509,"travelTimeHours":4.8991135344106365,"travelTimeFormatted":"4h 53min","distanceRounded":391.93}
    Forwarded URL = null
   Redirected URL = null
          Cookies = []
REQUÊTE NOSQL 4: Distance Paris-Lyon calculée
]]></system-out>
  </testcase>
  <testcase name="testGetCitiesByCountry" classname="service.CityServiceTest" time="0.031">
    <system-out><![CDATA[Hibernate: 
    SELECT
        * 
    FROM
        cities c 
    WHERE
        c.geographic_info->>'country' = ?

MockHttpServletRequest:
      HTTP Method = GET
      Request URI = /api/cities/country/France
       Parameters = {}
          Headers = []
             Body = null
    Session Attrs = {}

Handler:
             Type = controller.CityController
           Method = controller.CityController#getCitiesByCountry(String)

Async:
    Async started = false
     Async result = null

Resolved Exception:
             Type = null

ModelAndView:
        View name = null
             View = null
            Model = null

FlashMap:
       Attributes = null

MockHttpServletResponse:
           Status = 200
    Error message = null
          Headers = [Content-Type:"application/json"]
     Content type = application/json
             Body = [{"id":1,"cityName":"Paris","geographicInfo":{"latitude":48.8566,"longitude":2.3522,"country":"France"}},{"id":2,"cityName":"Lyon","geographicInfo":{"latitude":45.764,"longitude":4.8357,"country":"France"}},{"id":3,"cityName":"Versailles","geographicInfo":{"latitude":48.8014,"longitude":2.1301,"country":"France"}}]
    Forwarded URL = null
   Redirected URL = null
          Cookies = []
Recherche par pays 'France' réussie
]]></system-out>
  </testcase>
  <testcase name="testUpdateCity" classname="service.CityServiceTest" time="0.082">
    <system-out><![CDATA[Hibernate: 
    select
        c1_0.id,
        c1_0.city_name,
        c1_0.geographic_info 
    from
        cities c1_0 
    where
        c1_0.id=?
Hibernate: 
    update
        cities 
    set
        city_name=?,
        geographic_info=? 
    where
        id=?

MockHttpServletRequest:
      HTTP Method = PUT
      Request URI = /api/cities/1
       Parameters = {}
          Headers = [Content-Type:"application/json;charset=UTF-8", Content-Length:"154"]
             Body = {
    "cityName": "Paris Capitale",
    "geographicInfo": {
        "latitude": 48.8566,
        "longitude": 2.3522,
        "country": "France"
    }
}

    Session Attrs = {}

Handler:
             Type = controller.CityController
           Method = controller.CityController#updateCity(Long, City)

Async:
    Async started = false
     Async result = null

Resolved Exception:
             Type = null

ModelAndView:
        View name = null
             View = null
            Model = null

FlashMap:
       Attributes = null

MockHttpServletResponse:
           Status = 200
    Error message = null
          Headers = [Content-Type:"application/json"]
     Content type = application/json
             Body = {"id":1,"cityName":"Paris Capitale","geographicInfo":{"latitude":48.8566,"longitude":2.3522,"country":"France"}}
    Forwarded URL = null
   Redirected URL = null
          Cookies = []
Mise à jour de Paris réussie
]]></system-out>
  </testcase>
  <testcase name="testErrorCases" classname="service.CityServiceTest" time="0.144">
    <system-out><![CDATA[Hibernate: 
    select
        c1_0.id,
        c1_0.city_name,
        c1_0.geographic_info 
    from
        cities c1_0 
    where
        c1_0.id=?

MockHttpServletRequest:
      HTTP Method = GET
      Request URI = /api/cities/99999
       Parameters = {}
          Headers = []
             Body = null
    Session Attrs = {}

Handler:
             Type = controller.CityController
           Method = controller.CityController#getCityById(Long)

Async:
    Async started = false
     Async result = null

Resolved Exception:
             Type = null

ModelAndView:
        View name = null
             View = null
            Model = null

FlashMap:
       Attributes = null

MockHttpServletResponse:
           Status = 404
    Error message = null
          Headers = []
     Content type = null
             Body = 
    Forwarded URL = null
   Redirected URL = null
          Cookies = []
Hibernate: 
    select
        c1_0.id,
        c1_0.city_name,
        c1_0.geographic_info 
    from
        cities c1_0 
    where
        upper(c1_0.city_name)=upper(?)

MockHttpServletRequest:
      HTTP Method = GET
      Request URI = /api/cities/search
       Parameters = {name=[VilleInexistante]}
          Headers = []
             Body = null
    Session Attrs = {}

Handler:
             Type = controller.CityController
           Method = controller.CityController#getCityByName(String)

Async:
    Async started = false
     Async result = null

Resolved Exception:
             Type = null

ModelAndView:
        View name = null
             View = null
            Model = null

FlashMap:
       Attributes = null

MockHttpServletResponse:
           Status = 404
    Error message = null
          Headers = []
     Content type = null
             Body = 
    Forwarded URL = null
   Redirected URL = null
          Cookies = []
Hibernate: 
    select
        c1_0.id,
        c1_0.city_name,
        c1_0.geographic_info 
    from
        cities c1_0 
    where
        upper(c1_0.city_name)=upper(?)
Hibernate: 
    select
        c1_0.id,
        c1_0.city_name,
        c1_0.geographic_info 
    from
        cities c1_0 
    where
        upper(c1_0.city_name)=upper(?)

MockHttpServletRequest:
      HTTP Method = GET
      Request URI = /api/cities/distance
       Parameters = {city1=[Paris], city2=[VilleInexistante]}
          Headers = []
             Body = null
    Session Attrs = {}

Handler:
             Type = controller.CityController
           Method = controller.CityController#calculateDistance(String, String)

Async:
    Async started = false
     Async result = null

Resolved Exception:
             Type = null

ModelAndView:
        View name = null
             View = null
            Model = null

FlashMap:
       Attributes = null

MockHttpServletResponse:
           Status = 400
    Error message = null
          Headers = []
     Content type = null
             Body = 
    Forwarded URL = null
   Redirected URL = null
          Cookies = []
Gestion d'erreurs validée
]]></system-out>
  </testcase>
  <testcase name="testDuplicateCity" classname="service.CityServiceTest" time="0.038">
    <system-out><![CDATA[Hibernate: 
    select
        c1_0.id 
    from
        cities c1_0 
    where
        upper(c1_0.city_name)=upper(?) 
    fetch
        first ? rows only

MockHttpServletRequest:
      HTTP Method = POST
      Request URI = /api/cities
       Parameters = {}
          Headers = [Content-Type:"application/json;charset=UTF-8", Content-Length:"154"]
             Body = {
    "cityName": "Paris Capitale",
    "geographicInfo": {
        "latitude": 48.8566,
        "longitude": 2.3522,
        "country": "France"
    }
}

    Session Attrs = {}

Handler:
             Type = controller.CityController
           Method = controller.CityController#createCity(City)

Async:
    Async started = false
     Async result = null

Resolved Exception:
             Type = null

ModelAndView:
        View name = null
             View = null
            Model = null

FlashMap:
       Attributes = null

MockHttpServletResponse:
           Status = 400
    Error message = null
          Headers = []
     Content type = null
             Body = 
    Forwarded URL = null
   Redirected URL = null
          Cookies = []
Validation doublons réussie
]]></system-out>
  </testcase>
  <testcase name="testHealthEndpoint" classname="service.CityServiceTest" time="0.014">
    <system-out><![CDATA[
MockHttpServletRequest:
      HTTP Method = GET
      Request URI = /api/cities/health
       Parameters = {}
          Headers = []
             Body = null
    Session Attrs = {}

Handler:
             Type = controller.CityController
           Method = controller.CityController#health()

Async:
    Async started = false
     Async result = null

Resolved Exception:
             Type = null

ModelAndView:
        View name = null
             View = null
            Model = null

FlashMap:
       Attributes = null

MockHttpServletResponse:
           Status = 200
    Error message = null
          Headers = [Content-Type:"text/plain;charset=UTF-8", Content-Length:"24"]
     Content type = text/plain;charset=UTF-8
             Body = City Service is running!
    Forwarded URL = null
   Redirected URL = null
          Cookies = []
Endpoint santé fonctionnel
]]></system-out>
  </testcase>
  <testcase name="testDeleteCity" classname="service.CityServiceTest" time="0.882">
    <system-out><![CDATA[Hibernate: 
    select
        c1_0.id 
    from
        cities c1_0 
    where
        upper(c1_0.city_name)=upper(?) 
    fetch
        first ? rows only
Hibernate: 
    insert 
    into
        cities
        (city_name, geographic_info) 
    values
        (?, ?)
Hibernate: 
    update
        cities 
    set
        city_name=?,
        geographic_info=? 
    where
        id=?
Hibernate: 
    select
        count(*) 
    from
        cities c1_0 
    where
        c1_0.id=?
Hibernate: 
    select
        c1_0.id,
        c1_0.city_name,
        c1_0.geographic_info 
    from
        cities c1_0 
    where
        c1_0.id=?
Hibernate: 
    update
        cities 
    set
        city_name=?,
        geographic_info=? 
    where
        id=?
Hibernate: 
    delete 
    from
        cities 
    where
        id=?

MockHttpServletRequest:
      HTTP Method = DELETE
      Request URI = /api/cities/4
       Parameters = {}
          Headers = []
             Body = null
    Session Attrs = {}

Handler:
             Type = controller.CityController
           Method = controller.CityController#deleteCity(Long)

Async:
    Async started = false
     Async result = null

Resolved Exception:
             Type = null

ModelAndView:
        View name = null
             View = null
            Model = null

FlashMap:
       Attributes = null

MockHttpServletResponse:
           Status = 204
    Error message = null
          Headers = []
     Content type = null
             Body = 
    Forwarded URL = null
   Redirected URL = null
          Cookies = []
Hibernate: 
    select
        c1_0.id,
        c1_0.city_name,
        c1_0.geographic_info 
    from
        cities c1_0 
    where
        c1_0.id=?
Suppression de ville réussie
]]></system-out>
  </testcase>
  <testcase name="testSummary" classname="service.CityServiceTest" time="0.006">
    <system-out><![CDATA[
==================================================
📋 RÉSUMÉ TESTS CITY-SERVICE
==================================================
CRUD Complet: CREATE, READ, UPDATE, DELETE
Requête NoSQL 1: Villes dans un rayon donné
Requête NoSQL 4: Distance entre 2 villes
Validations: Doublons, erreurs, santé
Base PostgreSQL + JSON fonctionnelle
==================================================
]]></system-out>
  </testcase>
</testsuite>